[debug] [2023-03-04T05:46:05.935Z] ----------------------------------------------------------------------
[debug] [2023-03-04T05:46:05.937Z] Command:       C:\Program Files\nodejs\node.exe C:\Users\hp\AppData\Roaming\npm\node_modules\firebase-tools\lib\bin\firebase.js init
[debug] [2023-03-04T05:46:05.938Z] CLI Version:   11.24.0
[debug] [2023-03-04T05:46:05.938Z] Platform:      win32
[debug] [2023-03-04T05:46:05.938Z] Node Version:  v16.16.0
[debug] [2023-03-04T05:46:05.950Z] Time:          Sat Mar 04 2023 08:46:05 GMT+0300 (GMT+03:00)
[debug] [2023-03-04T05:46:05.950Z] ----------------------------------------------------------------------
[debug] 
[debug] [2023-03-04T05:46:05.960Z] > command requires scopes: ["email","openid","https://www.googleapis.com/auth/cloudplatformprojects.readonly","https://www.googleapis.com/auth/firebase","https://www.googleapis.com/auth/cloud-platform"]
[debug] [2023-03-04T05:46:05.961Z] > authorizing via signed-in user (shilpaoldmail@gmail.com)
[info] 
     ######## #### ########  ######## ########     ###     ######  ########
     ##        ##  ##     ## ##       ##     ##  ##   ##  ##       ##
     ######    ##  ########  ######   ########  #########  ######  ######
     ##        ##  ##    ##  ##       ##     ## ##     ##       ## ##
     ##       #### ##     ## ######## ########  ##     ##  ######  ########

You're about to initialize a Firebase project in this directory:

  C:\Users\hp\anu-design-couture

[info] 
=== Project Setup
[info] 
[info] First, let's associate this project directory with a Firebase project.
[info] You can create multiple project aliases by running firebase use --add, 
[info] but for now we'll just set up a default project.
[info] 
[debug] [2023-03-04T05:46:59.642Z] >>> [apiv2][query] GET https://firebase.googleapis.com/v1beta1/projects pageSize=100
[debug] [2023-03-04T05:47:00.605Z] <<< [apiv2][status] GET https://firebase.googleapis.com/v1beta1/projects 200
[debug] [2023-03-04T05:47:00.606Z] <<< [apiv2][body] GET https://firebase.googleapis.com/v1beta1/projects [omitted]
[info] i  Using project anu-design-couture (Anu-Design-couture) 
[info] 
=== Database Setup
[info] i  database: ensuring required API firebasedatabase.googleapis.com is enabled... 
[debug] [2023-03-04T05:47:06.227Z] >>> [apiv2][query] GET https://serviceusage.googleapis.com/v1/projects/anu-design-couture/services/firebasedatabase.googleapis.com [none]
[debug] [2023-03-04T05:47:06.227Z] >>> [apiv2][(partial)header] GET https://serviceusage.googleapis.com/v1/projects/anu-design-couture/services/firebasedatabase.googleapis.com x-goog-quota-user=projects/anu-design-couture
[debug] [2023-03-04T05:47:07.984Z] <<< [apiv2][status] GET https://serviceusage.googleapis.com/v1/projects/anu-design-couture/services/firebasedatabase.googleapis.com 200
[debug] [2023-03-04T05:47:07.984Z] <<< [apiv2][body] GET https://serviceusage.googleapis.com/v1/projects/anu-design-couture/services/firebasedatabase.googleapis.com [omitted]
[info] +  database: required API firebasedatabase.googleapis.com is enabled 
[info] 
[debug] [2023-03-04T05:47:07.988Z] >>> [apiv2][query] GET https://firebasedatabase.googleapis.com/v1beta/projects/anu-design-couture/locations/-/instances/anu-design-couture-default-rtdb [none]
[debug] [2023-03-04T05:47:08.595Z] <<< [apiv2][status] GET https://firebasedatabase.googleapis.com/v1beta/projects/anu-design-couture/locations/-/instances/anu-design-couture-default-rtdb 200
[debug] [2023-03-04T05:47:08.596Z] <<< [apiv2][body] GET https://firebasedatabase.googleapis.com/v1beta/projects/anu-design-couture/locations/-/instances/anu-design-couture-default-rtdb {"name":"projects/27956600490/locations/us-central1/instances/anu-design-couture-default-rtdb","project":"projects/27956600490","databaseUrl":"https://anu-design-couture-default-rtdb.firebaseio.com","type":"DEFAULT_DATABASE","state":"ACTIVE"}
[info] 
[info] Firebase Realtime Database Security Rules allow you to define how your data should be
[info] structured and when your data can be read from and written to.
[info] 
[debug] [2023-03-04T05:47:12.843Z] >>> [apiv2][query] GET https://anu-design-couture-default-rtdb.firebaseio.com/.settings/rules.json [none]
[debug] [2023-03-04T05:47:13.519Z] <<< [apiv2][status] GET https://anu-design-couture-default-rtdb.firebaseio.com/.settings/rules.json 200
[debug] [2023-03-04T05:47:13.519Z] <<< [apiv2][body] GET https://anu-design-couture-default-rtdb.firebaseio.com/.settings/rules.json [stream]
[info] +  Database Rules for anu-design-couture-default-rtdb have been written to database.rules.json. 
[info] Future modifications to database.rules.json will update Realtime Database Security Rules when you run
[info] firebase deploy.
[info] 
=== Hosting Setup
[info] 
[info] Your public directory is the folder (relative to your project directory) that
[info] will contain Hosting assets to be uploaded with firebase deploy. If you
[info] have a build process for your assets, use your build's output directory.
[info] 
[debug] [2023-03-04T05:47:44.180Z] >>> [apiv2][query] GET https://www.gstatic.com/firebasejs/releases.json [none]
[debug] [2023-03-04T05:47:44.519Z] <<< [apiv2][status] GET https://www.gstatic.com/firebasejs/releases.json 200
[debug] [2023-03-04T05:47:44.519Z] <<< [apiv2][body] GET https://www.gstatic.com/firebasejs/releases.json {"current":{"version":"9.17.2","browserURL":"https://www.gstatic.com/firebasejs/9.17.2/firebase.js","packageURL":"https://www.gstatic.com/firebasejs/9.17.2/firebase.tgz"},"live":{"version":"9.17","browserURL":"https://www.gstatic.com/firebasejs/live/9.17/firebase.js","packageURL":"https://www.gstatic.com/firebasejs/live/9.17/firebase.tgz"},"components":{"analytics":"https://www.gstatic.com/firebasejs/9.17.2/firebase-analytics.js","app":"https://www.gstatic.com/firebasejs/9.17.2/firebase-app.js","app-check":"https://www.gstatic.com/firebasejs/9.17.2/firebase-app-check.js","auth":"https://www.gstatic.com/firebasejs/9.17.2/firebase-auth.js","auth/cordova":"https://www.gstatic.com/firebasejs/9.17.2/firebase-auth/cordova.js","auth/react-native":"https://www.gstatic.com/firebasejs/9.17.2/firebase-auth/react-native.js","functions":"https://www.gstatic.com/firebasejs/9.17.2/firebase-functions.js","firestore":"https://www.gstatic.com/firebasejs/9.17.2/firebase-firestore.js","firestore/lite":"https://www.gstatic.com/firebasejs/9.17.2/firebase-firestore/lite.js","installations":"https://www.gstatic.com/firebasejs/9.17.2/firebase-installations.js","storage":"https://www.gstatic.com/firebasejs/9.17.2/firebase-storage.js","performance":"https://www.gstatic.com/firebasejs/9.17.2/firebase-performance.js","remote-config":"https://www.gstatic.com/firebasejs/9.17.2/firebase-remote-config.js","messaging":"https://www.gstatic.com/firebasejs/9.17.2/firebase-messaging.js","messaging/sw":"https://www.gstatic.com/firebasejs/9.17.2/firebase-messaging/sw.js","database":"https://www.gstatic.com/firebasejs/9.17.2/firebase-database.js","firestore.memory":"https://www.gstatic.com/firebasejs/9.17.2/firebase-firestore.memory.js"}}
[info] +  Wrote build/index.html 
[info] 
[info] i  Detected a .git folder at C:\Users\hp\anu-design-couture 
[info] i  Authorizing with GitHub to upload your service account to a GitHub repository's secrets store. 
[info] 
[info] Visit this URL on this device to log in:
[info] https://github.com/login/oauth/authorize?client_id=89cf50f02ac6aaed3484&state=459422151&redirect_uri=http%3A%2F%2Flocalhost%3A9005&scope=read%3Auser%20repo%20public_repo
[info] 
[info] Waiting for authentication...
[debug] [2023-03-04T05:47:45.951Z] >>> [apiv2][query] POST https://github.com/login/oauth/access_token [none]
[debug] [2023-03-04T05:47:45.951Z] >>> [apiv2][body] POST https://github.com/login/oauth/access_token [stream]
[debug] [2023-03-04T05:47:46.418Z] <<< [apiv2][status] POST https://github.com/login/oauth/access_token 200
[debug] [2023-03-04T05:47:46.419Z] <<< [apiv2][body] POST https://github.com/login/oauth/access_token {"access_token":"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","token_type":"bearer","scope":"read:user,repo"}
[debug] [2023-03-04T05:47:46.451Z] >>> [apiv2][query] GET https://api.github.com/user [none]
[debug] [2023-03-04T05:47:46.983Z] <<< [apiv2][status] GET https://api.github.com/user 200
[debug] [2023-03-04T05:47:46.983Z] <<< [apiv2][body] GET https://api.github.com/user {"login":"shilpalucy","id":117430058,"node_id":"U_kgDOBv_XKg","avatar_url":"https://avatars.githubusercontent.com/u/117430058?v=4","gravatar_id":"","url":"https://api.github.com/users/shilpalucy","html_url":"https://github.com/shilpalucy","followers_url":"https://api.github.com/users/shilpalucy/followers","following_url":"https://api.github.com/users/shilpalucy/following{/other_user}","gists_url":"https://api.github.com/users/shilpalucy/gists{/gist_id}","starred_url":"https://api.github.com/users/shilpalucy/starred{/owner}{/repo}","subscriptions_url":"https://api.github.com/users/shilpalucy/subscriptions","organizations_url":"https://api.github.com/users/shilpalucy/orgs","repos_url":"https://api.github.com/users/shilpalucy/repos","events_url":"https://api.github.com/users/shilpalucy/events{/privacy}","received_events_url":"https://api.github.com/users/shilpalucy/received_events","type":"User","site_admin":false,"name":null,"company":null,"blog":"","location":null,"email":null,"hireable":null,"bio":null,"twitter_username":null,"public_repos":7,"public_gists":0,"followers":0,"following":0,"created_at":"2022-11-04T06:21:40Z","updated_at":"2023-02-27T15:53:20Z","private_gists":0,"total_private_repos":0,"owned_private_repos":0,"disk_usage":2206,"collaborators":0,"two_factor_authentication":false,"plan":{"name":"free","space":976562499,"collaborators":0,"private_repos":10000}}
[info] 
[info] +  Success! Logged into GitHub as shilpalucy 
[info] 
